#
# A fatal error has been detected by the Java Runtime Environment:
#
#  EXCEPTION_ACCESS_VIOLATION (0xc0000005) at pc=0x00007ff8e41e7024, pid=4884, tid=0x0000000000001b8c
#
# JRE version: OpenJDK Runtime Environment (8.0_76-b03) (build 1.8.0_76-release-b03)
# Java VM: OpenJDK 64-Bit Server VM (25.76-b03 mixed mode windows-amd64 compressed oops)
# Problematic frame:
# C  [ig75icd64.dll+0x17024]
#
# Failed to write core dump. Minidumps are not enabled by default on client versions of Windows
#
# If you would like to submit a bug report, please visit:
#   http://bugreport.java.com/bugreport/crash.jsp
# The crash happened outside the Java Virtual Machine in native code.
# See problematic frame for where to report the bug.
#

---------------  T H R E A D  ---------------

Current thread (0x0000000018f58800):  JavaThread "LWJGL Application" [_thread_in_native, id=7052, stack(0x000000001a700000,0x000000001a800000)]

siginfo: ExceptionCode=0xc0000005, writing address 0x000000005b6cb000

Registers:
RAX=0x0000000000000001, RBX=0x00007ff8e4bf2f30, RCX=0x000000005b6cb008, RDX=0x00000000009ca9d0
RSP=0x000000001a7fc7a0, RBP=0x000000001a7fc8f0, RSI=0x000000005d888630, RDI=0x000000001a92b4c8
R8 =0x0000000000000018, R9 =0x0000000000000000, R10=0x0000000000000001, R11=0x0000000000000001
R12=0x000000001a92b4c0, R13=0x00000000009ca9c0, R14=0x000000001a900080, R15=0x0000000000000178
RIP=0x00007ff8e41e7024, EFLAGS=0x0000000000010202

Top of Stack: (sp=0x000000001a7fc7a0)
0x000000001a7fc7a0:   0000000000000000 0000000000000000
0x000000001a7fc7b0:   000000001a900080 00000000000000e0
0x000000001a7fc7c0:   0000000000000001 000000005d7fb470
0x000000001a7fc7d0:   000000001a92b4c0 000000001a92b4c8
0x000000001a7fc7e0:   000000001a7fc8f0 00007ff8e4439d18
0x000000001a7fc7f0:   0000000000000148 000000000005ffff
0x000000001a7fc800:   ffffffff0000014c 000000005b6bb000
0x000000001a7fc810:   000000001a92b760 0000000000000fe0
0x000000001a7fc820:   0000000000000008 000000000000044c
0x000000001a7fc830:   000000001a9c0f00 000000005b6bb000
0x000000001a7fc840:   000000001a97bee0 0000000000000000
0x000000001a7fc850:   000000001a7fc8b8 00007ff8e42330e1
0x000000001a7fc860:   000000001a9c0fa8 000000000053b000
0x000000001a7fc870:   000000001a9c0f00 0000000000000178
0x000000001a7fc880:   0000000000000001 00007ff900000000
0x000000001a7fc890:   0000000000000000 00055b7100000000 

Instructions: (pc=0x00007ff8e41e7024)
0x00007ff8e41e7004:   d1 49 c1 eb 04 4d 85 db 0f 84 24 02 00 00 f3 0f
0x00007ff8e41e7014:   6f 02 41 ff c2 48 83 c1 10 41 8b c2 48 83 c2 10
0x00007ff8e41e7024:   f3 0f 7f 41 f0 49 3b c3 72 e4 e9 03 02 00 00 48
0x00007ff8e41e7034:   89 7c 24 40 8b f9 83 e7 0f 74 68 48 89 5c 24 50 


Register to memory mapping:

RAX=0x0000000000000001 is an unknown value
RBX=0x00007ff8e4bf2f30 is an unknown value
RCX=0x000000005b6cb008 is an unknown value
RDX=0x00000000009ca9d0 is an unknown value
RSP=0x000000001a7fc7a0 is pointing into the stack for thread: 0x0000000018f58800
RBP=0x000000001a7fc8f0 is pointing into the stack for thread: 0x0000000018f58800
RSI=0x000000005d888630 is an unknown value
RDI=0x000000001a92b4c8 is an unknown value
R8 =0x0000000000000018 is an unknown value
R9 =0x0000000000000000 is an unknown value
R10=0x0000000000000001 is an unknown value
R11=0x0000000000000001 is an unknown value
R12=0x000000001a92b4c0 is an unknown value
R13=0x00000000009ca9c0 is an unknown value
R14=0x000000001a900080 is an unknown value
R15=0x0000000000000178 is an unknown value


Stack: [0x000000001a700000,0x000000001a800000],  sp=0x000000001a7fc7a0,  free space=1009k
Native frames: (J=compiled Java code, j=interpreted, Vv=VM code, C=native code)
C  [ig75icd64.dll+0x17024]
C  [ig75icd64.dll+0x269d18]
C  [ig75icd64.dll+0x2f2b7b]
C  [ig75icd64.dll+0x2f291e]
C  [ig75icd64.dll+0x1aa4b3]
C  [ig75icd64.dll+0x2ae654]
C  [ig75icd64.dll+0x1abcf4]
C  [ig75icd64.dll+0x1ac211]
C  0x0000000002b04b5c

Java frames: (J=compiled Java code, j=interpreted, Vv=VM code)
J 655  org.lwjgl.opengl.GL11.nglDrawElements(IIIJJ)V (0 bytes) @ 0x0000000002b04ad6 [0x0000000002b04a80+0x56]
J 761 C2 com.badlogic.gdx.graphics.g2d.SpriteBatch.flush()V (185 bytes) @ 0x0000000002b625cc [0x0000000002b62080+0x54c]
J 784 C2 com.badlogic.gdx.scenes.scene2d.Group.drawChildren(Lcom/badlogic/gdx/graphics/g2d/Batch;F)V (551 bytes) @ 0x0000000002b75118 [0x0000000002b74bc0+0x558]
J 803 C2 com.badlogic.gdx.scenes.scene2d.ui.Button.draw(Lcom/badlogic/gdx/graphics/g2d/Batch;F)V (397 bytes) @ 0x0000000002b87aa8 [0x0000000002b87560+0x548]
J 784 C2 com.badlogic.gdx.scenes.scene2d.Group.drawChildren(Lcom/badlogic/gdx/graphics/g2d/Batch;F)V (551 bytes) @ 0x0000000002b74d34 [0x0000000002b74bc0+0x174]
J 802 C2 com.badlogic.gdx.scenes.scene2d.Stage.draw()V (70 bytes) @ 0x0000000002b80ca8 [0x0000000002b808a0+0x408]
J 816 C2 com.thefoxarmy.rainbowwarrior.RainbowWarrior.render()V (30 bytes) @ 0x0000000002b8bec4 [0x0000000002b8bd00+0x1c4]
j  com.badlogic.gdx.backends.lwjgl.LwjglApplication.mainLoop()V+698
j  com.badlogic.gdx.backends.lwjgl.LwjglApplication$1.run()V+27
v  ~StubRoutines::call_stub

---------------  P R O C E S S  ---------------

Java Threads: ( => current thread )
  0x000000001a2bc800 JavaThread "LWJGL Timer" daemon [_thread_blocked, id=9316, stack(0x000000005dca0000,0x000000005dda0000)]
  0x0000000002734800 JavaThread "DestroyJavaVM" [_thread_blocked, id=9956, stack(0x0000000002630000,0x0000000002730000)]
=>0x0000000018f58800 JavaThread "LWJGL Application" [_thread_in_native, id=7052, stack(0x000000001a700000,0x000000001a800000)]
  0x0000000018ec1800 JavaThread "Monitor Ctrl-Break" daemon [_thread_in_native, id=3132, stack(0x00000000193b0000,0x00000000194b0000)]
  0x0000000018bdb800 JavaThread "Service Thread" daemon [_thread_blocked, id=428, stack(0x00000000190b0000,0x00000000191b0000)]
  0x0000000018bb8800 JavaThread "C1 CompilerThread2" daemon [_thread_blocked, id=6352, stack(0x0000000018fb0000,0x00000000190b0000)]
  0x0000000017362000 JavaThread "C2 CompilerThread1" daemon [_thread_blocked, id=3432, stack(0x0000000018ab0000,0x0000000018bb0000)]
  0x0000000017360000 JavaThread "C2 CompilerThread0" daemon [_thread_blocked, id=3156, stack(0x00000000189b0000,0x0000000018ab0000)]
  0x000000001735e800 JavaThread "Attach Listener" daemon [_thread_blocked, id=3112, stack(0x00000000188b0000,0x00000000189b0000)]
  0x000000001735d800 JavaThread "Signal Dispatcher" daemon [_thread_blocked, id=1748, stack(0x00000000187b0000,0x00000000188b0000)]
  0x0000000017348800 JavaThread "Finalizer" daemon [_thread_blocked, id=7400, stack(0x00000000185c0000,0x00000000186c0000)]
  0x0000000002824800 JavaThread "Reference Handler" daemon [_thread_blocked, id=5500, stack(0x00000000184c0000,0x00000000185c0000)]

Other Threads:
  0x0000000017325800 VMThread [stack: 0x00000000183c0000,0x00000000184c0000] [id=5940]
  0x0000000018bdc800 WatcherThread [stack: 0x00000000191b0000,0x00000000192b0000] [id=6684]

VM state:not at safepoint (normal execution)

VM Mutex/Monitor currently owned by a thread: None

Heap:
 PSYoungGen      total 38400K, used 18031K [0x00000000d5f00000, 0x00000000d8980000, 0x0000000100000000)
  eden space 33280K, 54% used [0x00000000d5f00000,0x00000000d709bd40,0x00000000d7f80000)
  from space 5120K, 0% used [0x00000000d8480000,0x00000000d8480000,0x00000000d8980000)
  to   space 5120K, 0% used [0x00000000d7f80000,0x00000000d7f80000,0x00000000d8480000)
 ParOldGen       total 87552K, used 0K [0x0000000081c00000, 0x0000000087180000, 0x00000000d5f00000)
  object space 87552K, 0% used [0x0000000081c00000,0x0000000081c00000,0x0000000087180000)
 Metaspace       used 7748K, capacity 7907K, committed 7936K, reserved 1056768K
  class space    used 712K, capacity 752K, committed 768K, reserved 1048576K

Card table byte_map: [0x0000000011bf0000,0x0000000011ff0000] byte_map_base: 0x00000000117e2000

Marking Bits: (ParMarkBitMap*) 0x000000005fd29d00
 Begin Bits: [0x00000000126a0000, 0x0000000014630000)
 End Bits:   [0x0000000014630000, 0x00000000165c0000)

Polling page: 0x00000000008b0000

CodeCache: size=245760Kb used=3439Kb max_used=3444Kb free=242320Kb
 bounds [0x0000000002830000, 0x0000000002ba0000, 0x0000000011830000]
 total_blobs=1277 nmethods=818 adapters=373
 compilation: enabled

Compilation events (10 events):
Event: 129.942 Thread 0x0000000017362000 nmethod 815 0x0000000002b7c410 code [0x0000000002b7c560, 0x0000000002b7c618]
Event: 129.942 Thread 0x0000000017362000  814       4       com.badlogic.gdx.backends.lwjgl.audio.OpenALAudio::update (43 bytes)
Event: 129.944 Thread 0x0000000017362000 nmethod 814 0x0000000002b8a750 code [0x0000000002b8a880, 0x0000000002b8a918]
Event: 129.954 Thread 0x0000000017360000 nmethod 816 0x0000000002b8bb10 code [0x0000000002b8bd00, 0x0000000002b8c0f0]
Event: 144.873 Thread 0x0000000017362000  817       4       com.badlogic.gdx.backends.lwjgl.LwjglInput::updateKeyboard (421 bytes)
Event: 144.881 Thread 0x0000000017362000 nmethod 817 0x0000000002b8b250 code [0x0000000002b8b3c0, 0x0000000002b8b8d8]
Event: 3477.415 Thread 0x0000000018bb8800  818   !   3       org.lwjgl.opengl.Display::update (154 bytes)
Event: 3477.415 Thread 0x0000000017360000  819       4       org.lwjgl.opengl.WindowsDisplay::isDirty (12 bytes)
Event: 3477.416 Thread 0x0000000017360000 nmethod 819 0x0000000002b6f290 code [0x0000000002b6f3c0, 0x0000000002b6f418]
Event: 3477.417 Thread 0x0000000018bb8800 nmethod 818 0x0000000002b91110 code [0x0000000002b913a0, 0x0000000002b92538]

GC Heap History (0 events):
No events

Deoptimization events (2 events):
Event: 1.212 Thread 0x0000000018f58800 Uncommon trap: reason=unstable_if action=reinterpret pc=0x0000000002a48a28 method=java.lang.String.<init>([CII)V @ 18
Event: 3465.672 Thread 0x0000000018f58800 Uncommon trap: reason=unstable_if action=reinterpret pc=0x0000000002b7cb5c method=org.lwjgl.opengl.Display.update(Z)V @ 41

Internal exceptions (10 events):
Event: 0.357 Thread 0x0000000002734800 Exception <a 'java/security/PrivilegedActionException'> (0x00000000d62dea00) thrown at [C:\src\android\AOSP-openjdk\external\jetbrains\jdk\hotspot\src\share\vm\prims\jvm.cpp, line 1386]
Event: 0.357 Thread 0x0000000002734800 Exception <a 'java/security/PrivilegedActionException'> (0x00000000d62dec10) thrown at [C:\src\android\AOSP-openjdk\external\jetbrains\jdk\hotspot\src\share\vm\prims\jvm.cpp, line 1386]
Event: 0.357 Thread 0x0000000002734800 Exception <a 'java/security/PrivilegedActionException'> (0x00000000d62e0328) thrown at [C:\src\android\AOSP-openjdk\external\jetbrains\jdk\hotspot\src\share\vm\prims\jvm.cpp, line 1386]
Event: 0.357 Thread 0x0000000002734800 Exception <a 'java/security/PrivilegedActionException'> (0x00000000d62e0538) thrown at [C:\src\android\AOSP-openjdk\external\jetbrains\jdk\hotspot\src\share\vm\prims\jvm.cpp, line 1386]
Event: 0.789 Thread 0x0000000002734800 Exception <a 'java/security/PrivilegedActionException'> (0x00000000d6423398) thrown at [C:\src\android\AOSP-openjdk\external\jetbrains\jdk\hotspot\src\share\vm\prims\jvm.cpp, line 1386]
Event: 0.789 Thread 0x0000000002734800 Exception <a 'java/security/PrivilegedActionException'> (0x00000000d6425070) thrown at [C:\src\android\AOSP-openjdk\external\jetbrains\jdk\hotspot\src\share\vm\prims\jvm.cpp, line 1386]
Event: 0.789 Thread 0x0000000002734800 Exception <a 'java/security/PrivilegedActionException'> (0x00000000d64261e0) thrown at [C:\src\android\AOSP-openjdk\external\jetbrains\jdk\hotspot\src\share\vm\prims\jvm.cpp, line 1386]
Event: 0.789 Thread 0x0000000002734800 Exception <a 'java/security/PrivilegedActionException'> (0x00000000d642b348) thrown at [C:\src\android\AOSP-openjdk\external\jetbrains\jdk\hotspot\src\share\vm\prims\jvm.cpp, line 1386]
Event: 0.789 Thread 0x0000000002734800 Exception <a 'java/security/PrivilegedActionException'> (0x00000000d642bfa0) thrown at [C:\src\android\AOSP-openjdk\external\jetbrains\jdk\hotspot\src\share\vm\prims\jvm.cpp, line 1386]
Event: 0.789 Thread 0x0000000002734800 Exception <a 'java/security/PrivilegedActionException'> (0x00000000d642cbc8) thrown at [C:\src\android\AOSP-openjdk\external\jetbrains\jdk\hotspot\src\share\vm\prims\jvm.cpp, line 1386]

Events (10 events):
Event: 3.309 loading class com/badlogic/gdx/backends/lwjgl/LwjglInput$TouchEvent done
Event: 3.313 loading class com/badlogic/gdx/scenes/scene2d/InputEvent$Type
Event: 3.313 loading class com/badlogic/gdx/scenes/scene2d/InputEvent$Type done
Event: 4.243 Executing VM operation: EnableBiasedLocking
Event: 4.248 Executing VM operation: EnableBiasedLocking done
Event: 7.810 Thread 0x0000000018f58800 DEOPT PACKING pc=0x0000000002b0bf1f sp=0x000000001a7fed60
Event: 7.810 Thread 0x0000000018f58800 DEOPT UNPACKING pc=0x00000000028775bf sp=0x000000001a7feb68 mode 0
Event: 3465.672 Thread 0x0000000018f58800 Uncommon trap: trap_request=0xffffff65 fr.pc=0x0000000002b7cb5c
Event: 3465.673 Thread 0x0000000018f58800 DEOPT PACKING pc=0x0000000002b7cb5c sp=0x000000001a7fee80
Event: 3465.673 Thread 0x0000000018f58800 DEOPT UNPACKING pc=0x000000000287556a sp=0x000000001a7fee30 mode 2


Dynamic libraries:
0x00007ff702ca0000 - 0x00007ff702cd1000 	C:\Program Files\Android\Android Studio\jre\bin\java.exe
0x00007ff9174b0000 - 0x00007ff917681000 	C:\WINDOWS\SYSTEM32\ntdll.dll
0x00007ff914c80000 - 0x00007ff914d2b000 	C:\WINDOWS\System32\KERNEL32.DLL
0x00007ff914800000 - 0x00007ff914a1d000 	C:\WINDOWS\System32\KERNELBASE.dll
0x00007ff914a40000 - 0x00007ff914ae2000 	C:\WINDOWS\System32\ADVAPI32.dll
0x00007ff9173b0000 - 0x00007ff91744e000 	C:\WINDOWS\System32\msvcrt.dll
0x00007ff917350000 - 0x00007ff9173a9000 	C:\WINDOWS\System32\sechost.dll
0x00007ff914d30000 - 0x00007ff914e51000 	C:\WINDOWS\System32\RPCRT4.dll
0x00007ff917130000 - 0x00007ff917295000 	C:\WINDOWS\System32\USER32.dll
0x00007ff914a20000 - 0x00007ff914a3e000 	C:\WINDOWS\System32\win32u.dll
0x00007ff914c10000 - 0x00007ff914c44000 	C:\WINDOWS\System32\GDI32.dll
0x00007ff913c50000 - 0x00007ff913dd2000 	C:\WINDOWS\System32\gdi32full.dll
0x00007ff90bae0000 - 0x00007ff90bd59000 	C:\WINDOWS\WinSxS\amd64_microsoft.windows.common-controls_6595b64144ccf1df_6.0.14393.0_none_2d0f50fcbdb171b8\COMCTL32.dll
0x00007ff914f60000 - 0x00007ff915227000 	C:\WINDOWS\System32\combase.dll
0x00007ff9139f0000 - 0x00007ff913ae5000 	C:\WINDOWS\System32\ucrtbase.dll
0x00007ff913ee0000 - 0x00007ff913f4a000 	C:\WINDOWS\System32\bcryptPrimitives.dll
0x00007ff914c50000 - 0x00007ff914c7e000 	C:\WINDOWS\System32\IMM32.DLL
0x0000000060380000 - 0x0000000060452000 	C:\Program Files\Android\Android Studio\jre\jre\bin\msvcr100.dll
0x000000005f570000 - 0x000000005fda4000 	C:\Program Files\Android\Android Studio\jre\jre\bin\server\jvm.dll
0x00007ff917340000 - 0x00007ff917348000 	C:\WINDOWS\System32\PSAPI.DLL
0x00007ff911750000 - 0x00007ff911759000 	C:\WINDOWS\SYSTEM32\WSOCK32.dll
0x00007ff9116c0000 - 0x00007ff9116e3000 	C:\WINDOWS\SYSTEM32\WINMM.dll
0x00007ff9155a0000 - 0x00007ff91560a000 	C:\WINDOWS\System32\WS2_32.dll
0x00007ff90f450000 - 0x00007ff90f45a000 	C:\WINDOWS\SYSTEM32\VERSION.dll
0x0000000000da0000 - 0x0000000000dcb000 	C:\WINDOWS\SYSTEM32\WINMMBASE.dll
0x00007ff9139a0000 - 0x00007ff9139e2000 	C:\WINDOWS\System32\cfgmgr32.dll
0x00007ff90fdd0000 - 0x00007ff90fddf000 	C:\Program Files\Android\Android Studio\jre\jre\bin\verify.dll
0x00007ff90ea60000 - 0x00007ff90ea89000 	C:\Program Files\Android\Android Studio\jre\jre\bin\java.dll
0x00007ff90bac0000 - 0x00007ff90bad6000 	C:\Program Files\Android\Android Studio\jre\jre\bin\zip.dll
0x00007ff915c00000 - 0x00007ff917108000 	C:\WINDOWS\System32\SHELL32.dll
0x00007ff914120000 - 0x00007ff9147fa000 	C:\WINDOWS\System32\windows.storage.dll
0x00007ff913920000 - 0x00007ff91396c000 	C:\WINDOWS\System32\powrprof.dll
0x00007ff914bb0000 - 0x00007ff914c02000 	C:\WINDOWS\System32\shlwapi.dll
0x00007ff913910000 - 0x00007ff91391f000 	C:\WINDOWS\System32\kernel.appcore.dll
0x00007ff913ba0000 - 0x00007ff913c49000 	C:\WINDOWS\System32\shcore.dll
0x00007ff913980000 - 0x00007ff913994000 	C:\WINDOWS\System32\profapi.dll
0x00007ff90c660000 - 0x00007ff90c66f000 	C:\Program Files\Android\Android Studio\bin\breakgen64.dll
0x00007ff909830000 - 0x00007ff90984a000 	C:\Program Files\Android\Android Studio\jre\jre\bin\net.dll
0x00007ff9130c0000 - 0x00007ff91311c000 	C:\WINDOWS\system32\mswsock.dll
0x0000000065580000 - 0x0000000065616000 	C:\Users\seth\AppData\Local\Temp\libgdxseth\8aad67a5\gdx64.dll
0x00007ff9133e0000 - 0x00007ff9133f7000 	C:\WINDOWS\SYSTEM32\CRYPTSP.dll
0x00007ff9132c0000 - 0x00007ff9132f3000 	C:\WINDOWS\system32\rsaenh.dll
0x00007ff913850000 - 0x00007ff91387b000 	C:\WINDOWS\SYSTEM32\bcrypt.dll
0x00007ff912f50000 - 0x00007ff912f6f000 	C:\WINDOWS\SYSTEM32\USERENV.dll
0x00007ff913400000 - 0x00007ff91340b000 	C:\WINDOWS\SYSTEM32\CRYPTBASE.dll
0x00007ff912e50000 - 0x00007ff912e88000 	C:\WINDOWS\SYSTEM32\IPHLPAPI.DLL
0x00007ff917110000 - 0x00007ff917118000 	C:\WINDOWS\System32\NSI.dll
0x00007ff90b3e0000 - 0x00007ff90b3f6000 	C:\WINDOWS\SYSTEM32\dhcpcsvc6.DLL
0x00007ff90b3c0000 - 0x00007ff90b3da000 	C:\WINDOWS\SYSTEM32\dhcpcsvc.DLL
0x00007ff9097c0000 - 0x00007ff9097d1000 	C:\Program Files\Android\Android Studio\jre\jre\bin\nio.dll
0x0000000180000000 - 0x0000000180053000 	C:\Users\seth\AppData\Local\Temp\libgdxseth\dc0f0009\lwjgl64.dll
0x00007ff8f6270000 - 0x00007ff8f6393000 	C:\WINDOWS\SYSTEM32\OPENGL32.dll
0x00007ff8fbae0000 - 0x00007ff8fbb0d000 	C:\WINDOWS\SYSTEM32\GLU32.dll
0x00007ff8fae20000 - 0x00007ff8faf17000 	C:\WINDOWS\SYSTEM32\DDRAW.dll
0x00007ff905b00000 - 0x00007ff905b08000 	C:\WINDOWS\SYSTEM32\DCIMAN32.dll
0x00000000197f0000 - 0x0000000019854000 	C:\Users\seth\AppData\Local\Temp\libgdxseth\dc0f0009\OpenAL64.dll
0x00007ff915400000 - 0x00007ff915537000 	C:\WINDOWS\System32\ole32.dll
0x00007ff912060000 - 0x00007ff9120f5000 	C:\WINDOWS\system32\uxtheme.dll
0x00007ff9172a0000 - 0x00007ff91733f000 	C:\WINDOWS\System32\clbcatq.dll
0x00007ff911440000 - 0x00007ff9115c5000 	C:\WINDOWS\System32\PROPSYS.dll
0x00007ff914af0000 - 0x00007ff914baf000 	C:\WINDOWS\System32\OLEAUT32.dll
0x00007ff913e40000 - 0x00007ff913edc000 	C:\WINDOWS\System32\msvcp_win.dll
0x00007ff9092a0000 - 0x00007ff90933b000 	C:\WINDOWS\SYSTEM32\dsound.dll
0x00007ff90eb40000 - 0x00007ff90ebb1000 	C:\WINDOWS\System32\MMDevApi.dll
0x00007ff9125e0000 - 0x00007ff912608000 	C:\WINDOWS\System32\DEVOBJ.dll
0x00007ff90ad80000 - 0x00007ff90ae14000 	C:\WINDOWS\SYSTEM32\AUDIOSES.DLL
0x00007ff9101d0000 - 0x00007ff910306000 	C:\WINDOWS\SYSTEM32\wintypes.dll
0x00007ff9152a0000 - 0x00007ff9153fb000 	C:\WINDOWS\System32\MSCTF.dll
0x00007ff9115d0000 - 0x00007ff9115f6000 	C:\WINDOWS\system32\dwmapi.dll
0x00007ff8e41d0000 - 0x00007ff8e4c90000 	C:\WINDOWS\SYSTEM32\ig75icd64.dll
0x00007ff90a090000 - 0x00007ff90aa82000 	C:\WINDOWS\SYSTEM32\igdusc64.dll
0x00007ff911420000 - 0x00007ff911433000 	C:\WINDOWS\SYSTEM32\WTSAPI32.dll
0x00007ff90f3b0000 - 0x00007ff90f441000 	C:\WINDOWS\SYSTEM32\mscms.dll
0x00007ff8ff210000 - 0x00007ff8ff252000 	C:\WINDOWS\SYSTEM32\icm32.dll
0x00007ff912ad0000 - 0x00007ff912b26000 	C:\WINDOWS\SYSTEM32\WINSTA.dll
0x00007ff9010c0000 - 0x00007ff901252000 	C:\WINDOWS\SYSTEM32\dbghelp.dll

VM Arguments:
jvm_args: -Didea.launcher.port=7544 -Didea.launcher.bin.path=C:\Program Files\Android\Android Studio\bin -Dfile.encoding=UTF-8 
java_command: com.intellij.rt.execution.application.AppMain com.thefoxarmy.rainbowwarrior.desktop.DesktopLauncher
java_class_path (initial): C:\Program Files\Android\Android Studio\jre\jre\lib\charsets.jar;C:\Program Files\Android\Android Studio\jre\jre\lib\ext\access-bridge-64.jar;C:\Program Files\Android\Android Studio\jre\jre\lib\ext\cldrdata.jar;C:\Program Files\Android\Android Studio\jre\jre\lib\ext\dnsns.jar;C:\Program Files\Android\Android Studio\jre\jre\lib\ext\jaccess.jar;C:\Program Files\Android\Android Studio\jre\jre\lib\ext\localedata.jar;C:\Program Files\Android\Android Studio\jre\jre\lib\ext\nashorn.jar;C:\Program Files\Android\Android Studio\jre\jre\lib\ext\sunec.jar;C:\Program Files\Android\Android Studio\jre\jre\lib\ext\sunjce_provider.jar;C:\Program Files\Android\Android Studio\jre\jre\lib\ext\sunmscapi.jar;C:\Program Files\Android\Android Studio\jre\jre\lib\ext\sunpkcs11.jar;C:\Program Files\Android\Android Studio\jre\jre\lib\ext\zipfs.jar;C:\Program Files\Android\Android Studio\jre\jre\lib\jce.jar;C:\Program Files\Android\Android Studio\jre\jre\lib\jsse.jar;C:\Program Files\Android\Android Studio\jre\jre\lib\management-agent.jar;C:\Program Files\Android\Android Studio\jre\jre\lib\resources.jar;C:\Program Files\Android\Android Studio\jre\jre\lib\rt.jar;C:\Users\seth\Programming\Games\LibGDX\RainbowWarrior\desktop\build\classes\main;C:\Users\seth\Programming\Games\LibGDX\RainbowWarrior\core\build\classes\main;C:\Users\seth\.gradle\caches\modules-2\files-2.1\com.badlogicgames.gdx\gdx\1.9.4\4b4b7962d1bc75af0438f5c81ec1010557bc9ee5\gdx-1.9.4.jar;C:\Users\seth\.gradle\caches\modules-2\files-2.1\com.badlogicgames.gdx\gdx-box2d\1.9.4\98a0d25c9f0637fecac6e4aacf7287aa635964f5\gdx-box2d-1.9.4.jar;C:\Users\seth\.gradle\caches\modules-2\files-2.1\com.badlogicgames.gdx\gdx-controllers\1.9.4\d182ca36785df4226ef63009a3d96462952665c3\gdx-controllers-1.9.4.jar;C:\Users\seth\.gradle\caches\modules-2\files-2.1\com.badlogicgames.gdx\gdx-ai\1.8.0\ec30677d8ab1a8b8aa4b853c5f4e4b1361f50bf5\gdx-ai-1.8.0.jar;C:\Users\seth\.gradle\caches\modules-2\files-2.1\com.badlogicgames.gdx\gdx-
Launcher Type: SUN_STANDARD

Environment Variables:
JAVA_HOME=C:\Progra~1\Java\jdk1.8.0_73
PATH=C:\ProgramData\Oracle\Java\javapath;C:\WINDOWS\system32;C:\WINDOWS;C:\WINDOWS\System32\Wbem;C:\WINDOWS\System32\WindowsPowerShell\v1.0\;C:\Program Files (x86)\Skype\Phone\;C:\Program Files\Microsoft DNX\Dnvm\;C:\Program Files\Microsoft SQL Server\120\Tools\Binn\;C:\Program Files (x86)\Windows Kits\10\Windows Performance Toolkit\;C:\Program Files (x86)\nodejs\;C:\Program Files\Git\cmd;C:\Program Files (x86)\NVIDIA Corporation\PhysX\Common;C:\Program Files (x86)\GtkSharp\2.12\bin;C:\Program Files\Microsoft SQL Server\Client SDK\ODBC\110\Tools\Binn\;C:\Program Files (x86)\Microsoft SQL Server\120\Tools\Binn\ManagementStudio\;C:\Program Files (x86)\Microsoft SQL Server\120\Tools\Binn\;C:\Program Files (x86)\Microsoft SQL Server\120\DTS\Binn\;C:\Program Files\Microsoft SQL Server\120\DTS\Binn\;C:\Program Files (x86)\Windows Live\Shared;C:\WINDOWS\system32;C:\WINDOWS;C:\WINDOWS\System32\Wbem;C:\WINDOWS\System32\WindowsPowerShell\v1.0\;C:\Users\seth\AppData\Local\Android\sdk\platform-tools\;C:\Progra~1\Java\jdk1.8.0_73\bin;C:\Python35\Scripts\;C:\Python35\;C:\Users\seth\AppData\Roaming\npm;C:\Users\seth\AppData\Local\Microsoft\WindowsApps;C:\Progra~1\Java\jdk1.8.0_73\bin
USERNAME=seth
OS=Windows_NT
PROCESSOR_IDENTIFIER=Intel64 Family 6 Model 69 Stepping 1, GenuineIntel



---------------  S Y S T E M  ---------------

OS: Windows 10.0 , 64 bit Build 14393 (10.0.14393.0)

CPU:total 4 (2 cores per cpu, 2 threads per core) family 6 model 69 stepping 1, cmov, cx8, fxsr, mmx, sse, sse2, sse3, ssse3, sse4.1, sse4.2, popcnt, avx, avx2, aes, clmul, erms, lzcnt, ht, tsc, tscinvbit, bmi1, bmi2

Memory: 4k page, physical 8268152k(3618248k free), swap 16656760k(10207604k free)

vm_info: OpenJDK 64-Bit Server VM (25.76-b03) for windows-amd64 JRE (1.8.0_76-release-b03), built on Jun 29 2016 19:09:20 by "ralucas" with MS VC++ 10.0 (VS2010)

time: Thu Oct 27 15:40:28 2016
elapsed time: 3524 seconds (0d 0h 58m 44s)

